[0m11:49:35.046355 [debug] [MainThread]: Sending event: {'category': 'dbt', 'action': 'invocation', 'label': 'start', 'context': [<snowplow_tracker.self_describing_json.SelfDescribingJson object at 0x107c8c9b0>, <snowplow_tracker.self_describing_json.SelfDescribingJson object at 0x10874a600>, <snowplow_tracker.self_describing_json.SelfDescribingJson object at 0x10874a390>]}


============================== 11:49:35.049038 | 7cbf9107-9aff-414d-bc03-7e80b91fe866 ==============================
[0m11:49:35.049038 [info ] [MainThread]: Running with dbt=1.8.9
[0m11:49:35.049304 [debug] [MainThread]: running dbt with arguments {'printer_width': '80', 'indirect_selection': 'eager', 'write_json': 'True', 'log_cache_events': 'False', 'partial_parse': 'True', 'cache_selected_only': 'False', 'warn_error': 'None', 'debug': 'False', 'version_check': 'True', 'log_path': 'logs', 'profiles_dir': '/Users/guilhemjolly/.dbt', 'fail_fast': 'False', 'use_colors': 'True', 'use_experimental_parser': 'False', 'no_print': 'None', 'quiet': 'False', 'empty': 'None', 'warn_error_options': 'WarnErrorOptions(include=[], exclude=[])', 'static_parser': 'True', 'log_format': 'default', 'introspect': 'True', 'target_path': 'None', 'invocation_command': 'dbt init secondhand', 'send_anonymous_usage_stats': 'True'}
[0m11:49:35.083655 [debug] [MainThread]: Starter project path: /Library/Frameworks/Python.framework/Versions/3.12/lib/python3.12/site-packages/dbt/include/starter_project
[0m11:49:35.086359 [info ] [MainThread]: 
Your new dbt project "secondhand" was created!

For more information on how to configure the profiles.yml file,
please consult the dbt documentation here:

  https://docs.getdbt.com/docs/configure-your-profile

One more thing:

Need help? Don't hesitate to reach out to us via GitHub issues or on Slack:

  https://community.getdbt.com/

Happy modeling!

[0m11:49:35.086532 [info ] [MainThread]: Setting up your profile.
[0m11:49:35.086774 [error] [MainThread]: Encountered an error:
Runtime Error
  No adapters available. Learn how to install an adapter by going to https://docs.getdbt.com/docs/connect-adapters#install-using-the-cli
[0m11:49:35.088310 [debug] [MainThread]: Resource report: {"command_name": "init", "command_success": false, "command_wall_clock_time": 0.07956125, "process_in_blocks": "0", "process_kernel_time": 0.060511, "process_mem_max_rss": "94257152", "process_out_blocks": "0", "process_user_time": 0.461484}
[0m11:49:35.088548 [debug] [MainThread]: Command `dbt init` failed at 11:49:35.088507 after 0.08 seconds
[0m11:49:35.088696 [debug] [MainThread]: Sending event: {'category': 'dbt', 'action': 'invocation', 'label': 'end', 'context': [<snowplow_tracker.self_describing_json.SelfDescribingJson object at 0x1080dd280>, <snowplow_tracker.self_describing_json.SelfDescribingJson object at 0x1081a6930>, <snowplow_tracker.self_describing_json.SelfDescribingJson object at 0x10825a630>]}
[0m11:49:35.088845 [debug] [MainThread]: Flushing usage events
